2025-11-12T11:03:09.415+0700 INFO  p.e.backend.BackendApplication : Starting BackendApplication using Java 17.0.10 with PID 97380 (/Users/anhphuc/Desktop/aptech/Project_ki_4/PROJECT4_BE_SPRINGBOOT/target/classes started by anhphuc in /Users/anhphuc/Desktop/aptech/Project_ki_4/PROJECT4_BE_SPRINGBOOT)
2025-11-12T11:03:09.416+0700 INFO  p.e.backend.BackendApplication : No active profile set, falling back to 1 default profile: "default"
2025-11-12T11:07:08.823+0700 INFO  p.e.backend.BackendApplication : Starting BackendApplication using Java 17.0.10 with PID 98392 (/Users/anhphuc/Desktop/aptech/Project_ki_4/PROJECT4_BE_SPRINGBOOT/target/classes started by anhphuc in /Users/anhphuc/Desktop/aptech/Project_ki_4/PROJECT4_BE_SPRINGBOOT)
2025-11-12T11:07:08.824+0700 INFO  p.e.backend.BackendApplication : No active profile set, falling back to 1 default profile: "default"
2025-11-12T11:13:04.233+0700 INFO  p.e.backend.BackendApplication : Starting BackendApplication using Java 17.0.10 with PID 285 (/Users/anhphuc/Desktop/aptech/Project_ki_4/PROJECT4_BE_SPRINGBOOT/target/classes started by anhphuc in /Users/anhphuc/Desktop/aptech/Project_ki_4/PROJECT4_BE_SPRINGBOOT)
2025-11-12T11:13:04.235+0700 INFO  p.e.backend.BackendApplication : No active profile set, falling back to 1 default profile: "default"
2025-11-12T11:14:33.730+0700 INFO  p.e.backend.BackendApplication : Starting BackendApplication using Java 17.0.10 with PID 519 (/Users/anhphuc/Desktop/aptech/Project_ki_4/PROJECT4_BE_SPRINGBOOT/target/classes started by anhphuc in /Users/anhphuc/Desktop/aptech/Project_ki_4/PROJECT4_BE_SPRINGBOOT)
2025-11-12T11:14:33.731+0700 INFO  p.e.backend.BackendApplication : No active profile set, falling back to 1 default profile: "default"
2025-11-12T11:14:35.993+0700 INFO  p.e.backend.BackendApplication : Started BackendApplication in 2.382 seconds (process running for 2.575)
2025-11-12T11:24:11.270+0700 INFO  p.e.b.s.serviceImpl.CartServiceImpl : Create cart success!
2025-11-12T11:24:11.301+0700 INFO  p.e.b.controller.AuthController : New user signed up with email: tranph@gmail.com
2025-11-12T11:29:05.967+0700 INFO  p.e.b.s.serviceImpl.CartServiceImpl : Create cart success!
2025-11-12T11:29:05.972+0700 INFO  p.e.b.controller.AuthController : New user signed up with email: tranhavii8507@gmail.com
2025-11-12T11:33:06.750+0700 INFO  p.e.b.controller.AuthController : Caller
2025-11-12T11:33:06.783+0700 INFO  p.e.b.s.s.CustomUserServiceImpl : User found with email: tranhavii8507@gmail.com
2025-11-12T11:33:06.904+0700 INFO  p.e.b.controller.AuthController : User signed in with email: tranhavii8507@gmail.com
2025-11-12T11:33:08.448+0700 INFO  p.e.b.controller.AuthController : Caller
2025-11-12T11:33:08.454+0700 INFO  p.e.b.s.s.CustomUserServiceImpl : User found with email: tranhavii8507@gmail.com
2025-11-12T11:33:08.582+0700 INFO  p.e.b.controller.AuthController : User signed in with email: tranhavii8507@gmail.com
2025-11-12T11:33:13.262+0700 INFO  p.e.b.controller.AuthController : Caller
2025-11-12T11:33:13.269+0700 INFO  p.e.b.s.s.CustomUserServiceImpl : User found with email: tranhavii8507@gmail.com
2025-11-12T11:33:13.407+0700 INFO  p.e.b.controller.AuthController : User signed in with email: tranhavii8507@gmail.com
2025-11-12T11:33:13.882+0700 INFO  p.e.b.controller.AuthController : Caller
2025-11-12T11:33:13.887+0700 INFO  p.e.b.s.s.CustomUserServiceImpl : User found with email: tranhavii8507@gmail.com
2025-11-12T11:33:14.014+0700 INFO  p.e.b.controller.AuthController : User signed in with email: tranhavii8507@gmail.com
2025-11-12T11:33:14.478+0700 INFO  p.e.b.controller.AuthController : Caller
2025-11-12T11:33:14.484+0700 INFO  p.e.b.s.s.CustomUserServiceImpl : User found with email: tranhavii8507@gmail.com
2025-11-12T11:33:14.612+0700 INFO  p.e.b.controller.AuthController : User signed in with email: tranhavii8507@gmail.com
2025-11-12T11:33:14.657+0700 INFO  p.e.b.controller.AuthController : Caller
2025-11-12T11:33:14.659+0700 INFO  p.e.b.s.s.CustomUserServiceImpl : User found with email: tranhavii8507@gmail.com
2025-11-12T11:33:14.748+0700 INFO  p.e.b.controller.AuthController : User signed in with email: tranhavii8507@gmail.com
2025-11-12T11:37:19.359+0700 INFO  p.e.b.controller.AuthController : Caller
2025-11-12T11:37:19.378+0700 INFO  p.e.b.s.s.CustomUserServiceImpl : User found with email: tranhavii8507@gmail.com
2025-11-12T11:37:19.501+0700 INFO  p.e.b.controller.AuthController : User signed in with email: tranhavii8507@gmail.com
2025-11-12T11:37:24.647+0700 INFO  p.e.b.controller.AuthController : Caller
2025-11-12T11:37:24.653+0700 INFO  p.e.b.s.s.CustomUserServiceImpl : User found with email: tranhavii8507@gmail.com
2025-11-12T11:37:24.782+0700 INFO  p.e.b.controller.AuthController : User signed in with email: tranhavii8507@gmail.com
2025-11-12T11:38:10.578+0700 INFO  p.e.b.controller.AuthController : Caller
2025-11-12T11:38:10.585+0700 INFO  p.e.b.s.s.CustomUserServiceImpl : User found with email: tranhavii8507@gmail.com
2025-11-12T11:38:10.730+0700 INFO  p.e.b.controller.AuthController : User signed in with email: tranhavii8507@gmail.com
2025-11-12T11:38:52.521+0700 INFO  p.e.b.s.serviceImpl.CartServiceImpl : Create cart success!
2025-11-12T11:38:52.524+0700 INFO  p.e.b.controller.AuthController : New user signed up with email: tranphuc120203@gmail.com
2025-11-12T11:39:00.568+0700 INFO  p.e.b.controller.AuthController : Caller
2025-11-12T11:39:00.572+0700 INFO  p.e.b.s.s.CustomUserServiceImpl : User found with email: tranphuc120203@gmail.com
2025-11-12T11:39:00.701+0700 INFO  p.e.b.controller.AuthController : User signed in with email: tranphuc120203@gmail.com
2025-11-12T11:44:21.667+0700 INFO  p.e.b.controller.AuthController : Caller
2025-11-12T11:44:21.673+0700 INFO  p.e.b.s.s.CustomUserServiceImpl : User found with email: tranphuc120203@gmail.com
2025-11-12T11:44:21.802+0700 INFO  p.e.b.controller.AuthController : User signed in with email: tranphuc120203@gmail.com
2025-11-12T11:44:38.469+0700 INFO  p.e.b.s.serviceImpl.CartServiceImpl : Create cart success!
2025-11-12T11:44:38.472+0700 INFO  p.e.b.controller.AuthController : New user signed up with email: phuc.ttp.2356@aptechlearning.edu.vn
2025-11-12T11:44:45.033+0700 INFO  p.e.b.controller.AuthController : Caller
2025-11-12T11:44:45.038+0700 INFO  p.e.b.s.s.CustomUserServiceImpl : User found with email: phuc.ttp.2356@aptechlearning.edu.vn
2025-11-12T11:44:45.167+0700 INFO  p.e.b.controller.AuthController : User signed in with email: phuc.ttp.2356@aptechlearning.edu.vn
2025-11-12T11:51:17.188+0700 INFO  p.e.b.controller.AuthController : Caller
2025-11-12T11:51:17.199+0700 INFO  p.e.b.s.s.CustomUserServiceImpl : User found with email: phuc.ttp.2356@aptechlearning.edu.vn
2025-11-12T11:51:17.324+0700 INFO  p.e.b.controller.AuthController : User signed in with email: phuc.ttp.2356@aptechlearning.edu.vn
2025-11-12T11:51:37.221+0700 INFO  p.e.b.controller.AuthController : Caller
2025-11-12T11:51:37.226+0700 INFO  p.e.b.s.s.CustomUserServiceImpl : User found with email: tranhavii8507@gmail.com
2025-11-12T11:51:37.346+0700 INFO  p.e.b.controller.AuthController : User signed in with email: tranhavii8507@gmail.com
2025-11-12T11:51:47.182+0700 INFO  p.e.b.controller.AuthController : Caller
2025-11-12T11:51:47.187+0700 INFO  p.e.b.s.s.CustomUserServiceImpl : User found with email: phuc.ttp.2356@aptechlearning.edu.vn
2025-11-12T11:51:47.314+0700 INFO  p.e.b.controller.AuthController : User signed in with email: phuc.ttp.2356@aptechlearning.edu.vn
2025-11-12T11:54:34.738+0700 INFO  p.e.b.controller.AuthController : Caller
2025-11-12T11:54:34.744+0700 INFO  p.e.b.s.s.CustomUserServiceImpl : User found with email: phuc.ttp.2356@aptechlearning.edu.vn
2025-11-12T11:54:34.871+0700 INFO  p.e.b.controller.AuthController : User signed in with email: phuc.ttp.2356@aptechlearning.edu.vn
2025-11-12T11:54:53.584+0700 INFO  p.e.b.controller.AuthController : Caller
2025-11-12T11:54:53.589+0700 INFO  p.e.b.s.s.CustomUserServiceImpl : User found with email: phuc.ttp.2356@aptechlearning.edu.vn
2025-11-12T11:54:53.716+0700 INFO  p.e.b.controller.AuthController : User signed in with email: phuc.ttp.2356@aptechlearning.edu.vn
2025-11-12T11:55:36.105+0700 INFO  p.e.b.controller.AuthController : Caller
2025-11-12T11:55:36.111+0700 INFO  p.e.b.s.s.CustomUserServiceImpl : User found with email: phuc.ttp.2356@aptechlearning.edu.vn
2025-11-12T11:55:36.238+0700 INFO  p.e.b.controller.AuthController : User signed in with email: phuc.ttp.2356@aptechlearning.edu.vn
2025-11-12T11:58:48.036+0700 INFO  p.e.b.controller.AuthController : Caller
2025-11-12T11:58:48.041+0700 INFO  p.e.b.s.s.CustomUserServiceImpl : User found with email: phuc.ttp.2356@aptechlearning.edu.vn
2025-11-12T11:58:48.170+0700 INFO  p.e.b.controller.AuthController : User signed in with email: phuc.ttp.2356@aptechlearning.edu.vn
2025-11-12T11:59:24.102+0700 INFO  p.e.b.controller.AuthController : Caller
2025-11-12T11:59:24.107+0700 INFO  p.e.b.s.s.CustomUserServiceImpl : User found with email: phuc.ttp.2356@aptechlearning.edu.vn
2025-11-12T11:59:24.233+0700 INFO  p.e.b.controller.AuthController : User signed in with email: phuc.ttp.2356@aptechlearning.edu.vn
2025-11-12T12:11:05.766+0700 INFO  p.e.b.controller.AuthController : Caller
2025-11-12T12:11:05.771+0700 INFO  p.e.b.s.s.CustomUserServiceImpl : User found with email: phuc.ttp.2356@aptechlearning.edu.vn
2025-11-12T12:11:05.885+0700 INFO  p.e.b.controller.AuthController : User signed in with email: phuc.ttp.2356@aptechlearning.edu.vn
2025-11-12T12:31:56.522+0700 INFO  p.e.b.controller.AuthController : Caller
2025-11-12T12:31:56.536+0700 INFO  p.e.b.s.s.CustomUserServiceImpl : User found with email: phuc.ttp.2356@aptechlearning.edu.vn
2025-11-12T12:31:56.645+0700 INFO  p.e.b.controller.AuthController : User signed in with email: phuc.ttp.2356@aptechlearning.edu.vn
2025-11-12T12:32:04.959+0700 INFO  p.e.b.controller.AuthController : Caller
2025-11-12T12:32:04.964+0700 INFO  p.e.b.s.s.CustomUserServiceImpl : User found with email: phuc.ttp.2356@aptechlearning.edu.vn
2025-11-12T12:32:05.083+0700 INFO  p.e.b.controller.AuthController : User signed in with email: phuc.ttp.2356@aptechlearning.edu.vn
2025-11-12T12:32:15.224+0700 INFO  p.e.b.controller.AuthController : Caller
2025-11-12T12:32:15.229+0700 INFO  p.e.b.s.s.CustomUserServiceImpl : User found with email: phuc.ttp.2356@aptechlearning.edu.vn
2025-11-12T12:32:15.355+0700 INFO  p.e.b.controller.AuthController : User signed in with email: phuc.ttp.2356@aptechlearning.edu.vn
2025-11-12T12:37:14.410+0700 INFO  p.e.b.controller.AuthController : Caller
2025-11-12T12:37:14.414+0700 INFO  p.e.b.s.s.CustomUserServiceImpl : User found with email: phuc.ttp.2356@aptechlearning.edu.vn
2025-11-12T12:37:14.543+0700 INFO  p.e.b.controller.AuthController : User signed in with email: phuc.ttp.2356@aptechlearning.edu.vn
2025-11-12T12:37:23.274+0700 INFO  p.e.b.controller.AuthController : Caller
2025-11-12T12:37:23.279+0700 INFO  p.e.b.s.s.CustomUserServiceImpl : User found with email: phuc.ttp.2356@aptechlearning.edu.vn
2025-11-12T12:37:23.406+0700 INFO  p.e.b.controller.AuthController : User signed in with email: phuc.ttp.2356@aptechlearning.edu.vn
2025-11-12T12:37:40.821+0700 INFO  p.e.b.controller.AuthController : Caller
2025-11-12T12:37:40.827+0700 INFO  p.e.b.s.s.CustomUserServiceImpl : User found with email: phuc.ttp.2356@aptechlearning.edu.vn
2025-11-12T12:37:40.956+0700 INFO  p.e.b.controller.AuthController : User signed in with email: phuc.ttp.2356@aptechlearning.edu.vn
2025-11-12T12:41:15.255+0700 INFO  p.e.b.controller.AuthController : Email is already exists with another account
2025-11-12T12:41:24.438+0700 INFO  p.e.b.s.serviceImpl.CartServiceImpl : Create cart success!
2025-11-12T12:41:24.440+0700 INFO  p.e.b.controller.AuthController : New user signed up with email: tranphuc12020@gmail.com
2025-11-12T12:41:55.469+0700 INFO  p.e.b.s.serviceImpl.CartServiceImpl : Create cart success!
2025-11-12T12:41:55.471+0700 INFO  p.e.b.controller.AuthController : New user signed up with email: t@gmail.com
2025-11-12T12:42:01.037+0700 INFO  p.e.b.controller.AuthController : Caller
2025-11-12T12:42:01.041+0700 INFO  p.e.b.s.s.CustomUserServiceImpl : User found with email: t@gmail.com
2025-11-12T12:42:01.170+0700 INFO  p.e.b.controller.AuthController : User signed in with email: t@gmail.com
2025-11-12T12:43:43.015+0700 INFO  p.e.b.controller.AuthController : Caller
2025-11-12T12:43:43.020+0700 INFO  p.e.b.s.s.CustomUserServiceImpl : User found with email: t@gmail.com
2025-11-12T12:43:43.151+0700 INFO  p.e.b.controller.AuthController : User signed in with email: t@gmail.com
2025-11-12T12:43:49.634+0700 INFO  p.e.b.controller.AuthController : Caller
2025-11-12T12:43:49.639+0700 INFO  p.e.b.s.s.CustomUserServiceImpl : User found with email: t@gmail.com
2025-11-12T12:43:49.766+0700 INFO  p.e.b.controller.AuthController : User signed in with email: t@gmail.com
2025-11-12T12:44:27.332+0700 INFO  p.e.b.controller.AuthController : Caller
2025-11-12T12:44:27.338+0700 INFO  p.e.b.s.s.CustomUserServiceImpl : User found with email: t@gmail.com
2025-11-12T12:44:27.469+0700 INFO  p.e.b.controller.AuthController : User signed in with email: t@gmail.com
2025-11-12T12:44:33.883+0700 INFO  p.e.b.controller.AuthController : Caller
2025-11-12T12:44:33.888+0700 INFO  p.e.b.s.s.CustomUserServiceImpl : User found with email: t@gmail.com
2025-11-12T12:44:34.017+0700 INFO  p.e.b.controller.AuthController : User signed in with email: t@gmail.com
2025-11-12T12:44:38.313+0700 INFO  p.e.b.controller.AuthController : Caller
2025-11-12T12:44:38.317+0700 INFO  p.e.b.s.s.CustomUserServiceImpl : User found with email: t@gmail.com
2025-11-12T12:44:38.446+0700 INFO  p.e.b.controller.AuthController : User signed in with email: t@gmail.com
2025-11-12T12:44:55.820+0700 INFO  p.e.b.controller.AuthController : Caller
2025-11-12T12:44:55.824+0700 INFO  p.e.b.s.s.CustomUserServiceImpl : User found with email: phuc.ttp.2356@aptechlearning.edu.vn
2025-11-12T12:44:55.948+0700 INFO  p.e.b.controller.AuthController : User signed in with email: phuc.ttp.2356@aptechlearning.edu.vn
2025-11-12T12:46:06.800+0700 INFO  p.e.b.controller.AuthController : Caller
2025-11-12T12:46:06.804+0700 INFO  p.e.b.s.s.CustomUserServiceImpl : User found with email: phuc.ttp.2356@aptechlearning.edu.vn
2025-11-12T12:46:06.930+0700 INFO  p.e.b.controller.AuthController : User signed in with email: phuc.ttp.2356@aptechlearning.edu.vn
2025-11-12T12:46:13.862+0700 INFO  p.e.b.controller.AuthController : Caller
2025-11-12T12:46:13.868+0700 INFO  p.e.b.s.s.CustomUserServiceImpl : User found with email: phuc.ttp.2356@aptechlearning.edu.vn
2025-11-12T12:46:13.996+0700 INFO  p.e.b.controller.AuthController : User signed in with email: phuc.ttp.2356@aptechlearning.edu.vn
2025-11-12T12:47:04.495+0700 INFO  p.e.b.controller.AuthController : Caller
2025-11-12T12:47:04.500+0700 INFO  p.e.b.s.s.CustomUserServiceImpl : User found with email: phuc.ttp.2356@aptechlearning.edu.vn
2025-11-12T12:47:04.627+0700 INFO  p.e.b.controller.AuthController : User signed in with email: phuc.ttp.2356@aptechlearning.edu.vn
2025-11-12T12:47:21.818+0700 INFO  p.e.b.controller.AuthController : Caller
2025-11-12T12:47:21.823+0700 INFO  p.e.b.s.s.CustomUserServiceImpl : User found with email: phuc.ttp.2356@aptechlearning.edu.vn
2025-11-12T12:47:21.953+0700 INFO  p.e.b.controller.AuthController : User signed in with email: phuc.ttp.2356@aptechlearning.edu.vn
2025-11-12T12:48:04.244+0700 INFO  p.e.b.controller.AuthController : Caller
2025-11-12T12:48:04.248+0700 INFO  p.e.b.s.s.CustomUserServiceImpl : User found with email: phuc.ttp.2356@aptechlearning.edu.vn
2025-11-12T12:48:04.378+0700 INFO  p.e.b.controller.AuthController : User signed in with email: phuc.ttp.2356@aptechlearning.edu.vn
2025-11-12T12:48:48.758+0700 INFO  p.e.b.controller.AuthController : Caller
2025-11-12T12:48:48.763+0700 INFO  p.e.b.s.s.CustomUserServiceImpl : User found with email: phuc.ttp.2356@aptechlearning.edu.vn
2025-11-12T12:48:48.893+0700 INFO  p.e.b.controller.AuthController : User signed in with email: phuc.ttp.2356@aptechlearning.edu.vn
2025-11-12T12:48:51.525+0700 INFO  p.e.b.controller.AuthController : Caller
2025-11-12T12:48:51.531+0700 INFO  p.e.b.s.s.CustomUserServiceImpl : User found with email: phuc.ttp.2356@aptechlearning.edu.vn
2025-11-12T12:48:51.656+0700 INFO  p.e.b.controller.AuthController : User signed in with email: phuc.ttp.2356@aptechlearning.edu.vn
2025-11-12T12:49:38.488+0700 INFO  p.e.b.controller.AuthController : Caller
2025-11-12T12:49:38.493+0700 INFO  p.e.b.s.s.CustomUserServiceImpl : User found with email: phuc.ttp.2356@aptechlearning.edu.vn
2025-11-12T12:49:38.605+0700 INFO  p.e.b.controller.AuthController : User signed in with email: phuc.ttp.2356@aptechlearning.edu.vn
2025-11-12T12:50:01.546+0700 INFO  p.e.b.controller.AuthController : Caller
2025-11-12T12:50:01.550+0700 INFO  p.e.b.s.s.CustomUserServiceImpl : User found with email: phuc.ttp.2356@aptechlearning.edu.vn
2025-11-12T12:50:01.679+0700 INFO  p.e.b.controller.AuthController : User signed in with email: phuc.ttp.2356@aptechlearning.edu.vn
2025-11-12T12:50:39.960+0700 INFO  p.e.b.controller.AuthController : Caller
2025-11-12T12:50:39.969+0700 INFO  p.e.b.s.s.CustomUserServiceImpl : User found with email: phuc.ttp.2356@aptechlearning.edu.vn
2025-11-12T12:50:40.097+0700 INFO  p.e.b.controller.AuthController : User signed in with email: phuc.ttp.2356@aptechlearning.edu.vn
2025-11-12T12:52:10.133+0700 INFO  p.e.b.s.serviceImpl.CartServiceImpl : Create cart success!
2025-11-12T12:52:10.135+0700 INFO  p.e.b.controller.AuthController : New user signed up with email: t1@gmail.com
2025-11-12T13:03:55.666+0700 INFO  p.e.b.controller.AuthController : Caller
2025-11-12T13:03:55.673+0700 INFO  p.e.b.s.s.CustomUserServiceImpl : User found with email: phuc.ttp.2356@aptechlearning.edu.vn
2025-11-12T13:03:55.802+0700 INFO  p.e.b.controller.AuthController : User signed in with email: phuc.ttp.2356@aptechlearning.edu.vn
2025-11-12T13:06:12.171+0700 INFO  p.e.b.controller.AuthController : Email is already exists with another account
2025-11-12T13:06:20.998+0700 INFO  p.e.b.s.serviceImpl.CartServiceImpl : Create cart success!
2025-11-12T13:06:21.003+0700 INFO  p.e.b.controller.AuthController : New user signed up with email: t2@gmail.com
2025-11-12T13:06:39.446+0700 INFO  p.e.b.controller.AuthController : Caller
2025-11-12T13:06:39.453+0700 INFO  p.e.b.s.s.CustomUserServiceImpl : User found with email: phuc.ttp.2356@aptechlearning.edu.vn
2025-11-12T13:06:39.582+0700 INFO  p.e.b.controller.AuthController : User signed in with email: phuc.ttp.2356@aptechlearning.edu.vn
2025-11-12T13:07:26.711+0700 INFO  p.e.b.controller.AuthController : Caller
2025-11-12T13:07:26.717+0700 INFO  p.e.b.s.s.CustomUserServiceImpl : User found with email: phuc.ttp.2356@aptechlearning.edu.vn
2025-11-12T13:07:26.846+0700 INFO  p.e.b.controller.AuthController : User signed in with email: phuc.ttp.2356@aptechlearning.edu.vn
2025-11-12T13:07:58.318+0700 INFO  p.e.b.controller.AuthController : Caller
2025-11-12T13:07:58.323+0700 INFO  p.e.b.s.s.CustomUserServiceImpl : User found with email: t@gmail.com
2025-11-12T13:07:58.446+0700 INFO  p.e.b.controller.AuthController : User signed in with email: t@gmail.com
2025-11-12T13:10:09.310+0700 INFO  p.e.b.controller.AuthController : Caller
2025-11-12T13:10:09.317+0700 INFO  p.e.b.s.s.CustomUserServiceImpl : User found with email: t@gmail.com
2025-11-12T13:10:09.446+0700 INFO  p.e.b.controller.AuthController : User signed in with email: t@gmail.com
2025-11-12T13:10:26.395+0700 INFO  p.e.b.controller.AuthController : Email is already exists with another account
2025-11-12T13:10:43.355+0700 INFO  p.e.b.s.serviceImpl.CartServiceImpl : Create cart success!
2025-11-12T13:10:43.358+0700 INFO  p.e.b.controller.AuthController : New user signed up with email: t3@gmail.com
2025-11-12T13:19:57.577+0700 INFO  p.e.b.controller.AuthController : Email is already exists with another account
2025-11-12T13:22:18.603+0700 INFO  p.e.b.controller.AuthController : Email is already exists with another account
2025-11-12T13:22:30.178+0700 INFO  p.e.b.controller.AuthController : Email is already exists with another account
2025-11-12T13:23:48.872+0700 INFO  p.e.b.controller.AuthController : Caller
2025-11-12T13:23:48.876+0700 INFO  p.e.b.s.s.CustomUserServiceImpl : User found with email: phuc.ttp.2356@aptechlearning.edu.vn
2025-11-12T13:23:49.004+0700 INFO  p.e.b.controller.AuthController : User signed in with email: phuc.ttp.2356@aptechlearning.edu.vn
2025-11-12T13:24:29.117+0700 INFO  p.e.b.s.serviceImpl.CartServiceImpl : Create cart success!
2025-11-12T13:24:29.119+0700 INFO  p.e.b.controller.AuthController : New user signed up with email: t4@gmail.com
2025-11-12T13:25:15.358+0700 INFO  p.e.b.controller.AuthController : Email is already exists with another account
2025-11-12T13:29:12.110+0700 INFO  p.e.b.controller.AuthController : Email is already exists with another account
2025-11-12T13:39:47.968+0700 INFO  p.e.backend.BackendApplication : Starting BackendApplication using Java 17.0.10 with PID 68153 (/Users/anhphuc/Desktop/aptech/Project_ki_4/PROJECT4_BE_SPRINGBOOT/target/classes started by anhphuc in /Users/anhphuc/Desktop/aptech/Project_ki_4/PROJECT4_BE_SPRINGBOOT)
2025-11-12T13:39:47.969+0700 INFO  p.e.backend.BackendApplication : No active profile set, falling back to 1 default profile: "default"
2025-11-12T13:39:50.254+0700 INFO  p.e.backend.BackendApplication : Started BackendApplication in 2.411 seconds (process running for 2.607)
2025-11-12T13:40:10.184+0700 INFO  p.e.b.controller.AuthController : Email is already exists with another account
2025-11-18T21:04:53.734+0700 INFO  p.e.backend.BackendApplication : Starting BackendApplication using Java 17.0.12 with PID 11516 (C:\Volume D\yeah,code\proj4\PROJECT4_BE_SPRINGBOOT\target\classes started by Dell 7390 in C:\Volume D\yeah,code\proj4\PROJECT4_BE_SPRINGBOOT)
2025-11-18T21:04:53.738+0700 INFO  p.e.backend.BackendApplication : No active profile set, falling back to 1 default profile: "default"
2025-11-18T21:08:03.683+0700 INFO  p.e.backend.BackendApplication : Starting BackendApplication using Java 17.0.12 with PID 22820 (C:\Volume D\yeah,code\proj4\PROJECT4_BE_SPRINGBOOT\target\classes started by Dell 7390 in C:\Volume D\yeah,code\proj4\PROJECT4_BE_SPRINGBOOT)
2025-11-18T21:08:03.683+0700 INFO  p.e.backend.BackendApplication : No active profile set, falling back to 1 default profile: "default"
2025-11-18T21:09:55.656+0700 INFO  p.e.backend.BackendApplication : Starting BackendApplication using Java 17.0.12 with PID 21196 (C:\Volume D\yeah,code\proj4\PROJECT4_BE_SPRINGBOOT\target\classes started by Dell 7390 in C:\Volume D\yeah,code\proj4\PROJECT4_BE_SPRINGBOOT)
2025-11-18T21:09:55.662+0700 INFO  p.e.backend.BackendApplication : No active profile set, falling back to 1 default profile: "default"
2025-11-18T21:10:03.567+0700 INFO  p.e.backend.BackendApplication : Started BackendApplication in 8.429 seconds (process running for 9.382)
2025-11-18T21:12:36.310+0700 INFO  p.e.backend.BackendApplication : Starting BackendApplication using Java 17.0.12 with PID 21020 (C:\Volume D\yeah,code\proj4\PROJECT4_BE_SPRINGBOOT\target\classes started by Dell 7390 in C:\Volume D\yeah,code\proj4\PROJECT4_BE_SPRINGBOOT)
2025-11-18T21:12:36.313+0700 INFO  p.e.backend.BackendApplication : No active profile set, falling back to 1 default profile: "default"
2025-11-18T21:12:43.941+0700 INFO  p.e.backend.BackendApplication : Started BackendApplication in 8.3 seconds (process running for 9.46)
2025-11-18T21:14:09.417+0700 INFO  p.e.backend.BackendApplication : Starting BackendApplication using Java 17.0.12 with PID 9784 (C:\Volume D\yeah,code\proj4\PROJECT4_BE_SPRINGBOOT\target\classes started by Dell 7390 in C:\Volume D\yeah,code\proj4\PROJECT4_BE_SPRINGBOOT)
2025-11-18T21:14:09.421+0700 INFO  p.e.backend.BackendApplication : No active profile set, falling back to 1 default profile: "default"
2025-11-18T21:14:18.922+0700 INFO  p.e.backend.BackendApplication : Started BackendApplication in 10.046 seconds (process running for 11.227)
2025-11-18T21:18:17.838+0700 INFO  p.e.backend.BackendApplication : Starting BackendApplication using Java 17.0.12 with PID 11972 (C:\Volume D\yeah,code\proj4\PROJECT4_BE_SPRINGBOOT\target\classes started by Dell 7390 in C:\Volume D\yeah,code\proj4\PROJECT4_BE_SPRINGBOOT)
2025-11-18T21:18:17.840+0700 INFO  p.e.backend.BackendApplication : No active profile set, falling back to 1 default profile: "default"
2025-11-18T21:18:25.375+0700 INFO  p.e.backend.BackendApplication : Started BackendApplication in 8.014 seconds (process running for 8.968)
2025-11-18T21:20:42.810+0700 INFO  p.e.backend.BackendApplication : Starting BackendApplication using Java 17.0.12 with PID 16424 (C:\Volume D\yeah,code\proj4\PROJECT4_BE_SPRINGBOOT\target\classes started by Dell 7390 in C:\Volume D\yeah,code\proj4\PROJECT4_BE_SPRINGBOOT)
2025-11-18T21:20:42.813+0700 INFO  p.e.backend.BackendApplication : No active profile set, falling back to 1 default profile: "default"
2025-11-18T21:20:51.288+0700 INFO  p.e.backend.BackendApplication : Started BackendApplication in 9.047 seconds (process running for 9.94)
2025-11-18T21:28:03.577+0700 INFO  p.e.backend.BackendApplication : Starting BackendApplication using Java 17.0.12 with PID 22148 (C:\Volume D\yeah,code\proj4\PROJECT4_BE_SPRINGBOOT\target\classes started by Dell 7390 in C:\Volume D\yeah,code\proj4\PROJECT4_BE_SPRINGBOOT)
2025-11-18T21:28:03.589+0700 INFO  p.e.backend.BackendApplication : No active profile set, falling back to 1 default profile: "default"
2025-11-18T21:28:11.666+0700 INFO  p.e.backend.BackendApplication : Started BackendApplication in 8.741 seconds (process running for 9.84)
2025-11-18T21:30:51.293+0700 INFO  p.e.backend.BackendApplication : Starting BackendApplication using Java 17.0.12 with PID 17644 (C:\Volume D\yeah,code\proj4\PROJECT4_BE_SPRINGBOOT\target\classes started by Dell 7390 in C:\Volume D\yeah,code\proj4\PROJECT4_BE_SPRINGBOOT)
2025-11-18T21:30:51.297+0700 INFO  p.e.backend.BackendApplication : No active profile set, falling back to 1 default profile: "default"
2025-11-18T21:31:01.645+0700 INFO  p.e.backend.BackendApplication : Started BackendApplication in 11.144 seconds (process running for 12.461)
2025-11-18T21:33:03.203+0700 INFO  p.e.backend.BackendApplication : Starting BackendApplication using Java 17.0.12 with PID 17544 (C:\Volume D\yeah,code\proj4\PROJECT4_BE_SPRINGBOOT\target\classes started by Dell 7390 in C:\Volume D\yeah,code\proj4\PROJECT4_BE_SPRINGBOOT)
2025-11-18T21:33:03.203+0700 INFO  p.e.backend.BackendApplication : No active profile set, falling back to 1 default profile: "default"
2025-11-18T21:33:10.529+0700 INFO  p.e.backend.BackendApplication : Started BackendApplication in 7.886 seconds (process running for 8.77)
2025-11-18T21:34:49.360+0700 INFO  p.e.backend.BackendApplication : Starting BackendApplication using Java 17.0.12 with PID 15648 (C:\Volume D\yeah,code\proj4\PROJECT4_BE_SPRINGBOOT\target\classes started by Dell 7390 in C:\Volume D\yeah,code\proj4\PROJECT4_BE_SPRINGBOOT)
2025-11-18T21:34:49.363+0700 INFO  p.e.backend.BackendApplication : No active profile set, falling back to 1 default profile: "default"
2025-11-18T21:34:57.341+0700 INFO  p.e.backend.BackendApplication : Started BackendApplication in 8.625 seconds (process running for 9.609)
2025-11-18T21:45:57.264+0700 INFO  p.e.backend.BackendApplication : Starting BackendApplication using Java 17.0.12 with PID 14620 (C:\Volume D\yeah,code\proj4\PROJECT4_BE_SPRINGBOOT\target\classes started by Dell 7390 in C:\Volume D\yeah,code\proj4\PROJECT4_BE_SPRINGBOOT)
2025-11-18T21:45:57.266+0700 INFO  p.e.backend.BackendApplication : No active profile set, falling back to 1 default profile: "default"
2025-11-18T21:46:03.648+0700 INFO  p.e.backend.BackendApplication : Started BackendApplication in 6.88 seconds (process running for 7.587)
2025-11-18T21:47:16.167+0700 INFO  p.e.b.s.serviceImpl.CartServiceImpl : Create cart success!
2025-11-18T21:47:16.212+0700 INFO  p.e.b.controller.AuthController : New user signed up with email: john.doe@example.com
2025-11-18T21:47:19.816+0700 INFO  p.e.b.controller.AuthController : Email is already exists with another account
2025-11-18T21:47:56.192+0700 INFO  p.e.b.s.serviceImpl.CartServiceImpl : Create cart success!
2025-11-18T21:47:56.201+0700 INFO  p.e.b.controller.AuthController : New user signed up with email: mepassword@example.com
2025-11-18T21:48:14.080+0700 INFO  p.e.b.controller.AuthController : Caller
2025-11-18T21:48:14.084+0700 INFO  p.e.b.s.s.CustomUserServiceImpl : User found with email: mepassword@example.com
2025-11-18T21:48:14.183+0700 INFO  p.e.b.controller.AuthController : User signed in with email: mepassword@example.com
2025-11-18T21:52:21.572+0700 INFO  p.e.backend.BackendApplication : Starting BackendApplication using Java 17.0.12 with PID 1076 (C:\Volume D\yeah,code\proj4\PROJECT4_BE_SPRINGBOOT\target\classes started by Dell 7390 in C:\Volume D\yeah,code\proj4\PROJECT4_BE_SPRINGBOOT)
2025-11-18T21:52:21.582+0700 INFO  p.e.backend.BackendApplication : No active profile set, falling back to 1 default profile: "default"
2025-11-18T21:52:41.510+0700 INFO  p.e.backend.BackendApplication : Started BackendApplication in 23.392 seconds (process running for 28.008)
2025-11-18T22:17:30.876+0700 INFO  p.e.backend.BackendApplication : Starting BackendApplication using Java 17.0.12 with PID 10092 (C:\Volume D\yeah,code\proj4\PROJECT4_BE_SPRINGBOOT\target\classes started by Dell 7390 in C:\Volume D\yeah,code\proj4\PROJECT4_BE_SPRINGBOOT)
2025-11-18T22:17:30.878+0700 INFO  p.e.backend.BackendApplication : No active profile set, falling back to 1 default profile: "default"
2025-11-18T22:17:39.858+0700 INFO  p.e.backend.BackendApplication : Started BackendApplication in 9.563 seconds (process running for 10.85)
2025-11-18T22:19:56.231+0700 INFO  p.e.backend.BackendApplication : Starting BackendApplication using Java 17.0.12 with PID 23680 (C:\Volume D\yeah,code\proj4\PROJECT4_BE_SPRINGBOOT\target\classes started by Dell 7390 in C:\Volume D\yeah,code\proj4\PROJECT4_BE_SPRINGBOOT)
2025-11-18T22:19:56.235+0700 INFO  p.e.backend.BackendApplication : No active profile set, falling back to 1 default profile: "default"
2025-11-18T22:20:04.531+0700 INFO  p.e.backend.BackendApplication : Started BackendApplication in 8.872 seconds (process running for 9.948)
